----------------------------------------------------------------
Wed Nov 02 19:30:30 CST 2022:
Booting Derby version The Apache Software Foundation - Apache Derby - 10.14.2.0 - (1828579): instance a816c00e-0184-381b-5079-0000273db620 
on database directory memory:/Users/wangtao/IdeaProjects/jb_serveplatform/25fc0105-297a-405b-bc45-c36114d963b6 with class loader sun.misc.Launcher$AppClassLoader@18b4aac2 
Loaded from file:/Users/wangtao/java/localRepository/org/apache/derby/derby/10.14.2.0/derby-10.14.2.0.jar
java.vendor=Oracle Corporation
java.runtime.version=1.8.0_291-b10
user.dir=/Users/wangtao/IdeaProjects/jb_serveplatform
os.name=Mac OS X
os.arch=x86_64
os.version=10.16
derby.system.home=null
Database Class Loader started - derby.database.classpath=''
----------------------------------------------------------------
Wed Nov 02 19:30:30 CST 2022:
Shutting down instance a816c00e-0184-381b-5079-0000273db620 on database directory memory:/Users/wangtao/IdeaProjects/jb_serveplatform/25fc0105-297a-405b-bc45-c36114d963b6 with class loader sun.misc.Launcher$AppClassLoader@18b4aac2 
----------------------------------------------------------------
Wed Nov 02 19:30:30 CST 2022:
Booting Derby version The Apache Software Foundation - Apache Derby - 10.14.2.0 - (1828579): instance 0ddd00a9-0184-381b-5079-0000273db620 
on database directory memory:/Users/wangtao/IdeaProjects/jb_serveplatform/25fc0105-297a-405b-bc45-c36114d963b6 with class loader sun.misc.Launcher$AppClassLoader@18b4aac2 
Loaded from file:/Users/wangtao/java/localRepository/org/apache/derby/derby/10.14.2.0/derby-10.14.2.0.jar
java.vendor=Oracle Corporation
java.runtime.version=1.8.0_291-b10
user.dir=/Users/wangtao/IdeaProjects/jb_serveplatform
os.name=Mac OS X
os.arch=x86_64
os.version=10.16
derby.system.home=null
Database Class Loader started - derby.database.classpath=''
